CRITICAL - 2025-02-25 09:02:06 --> ParseError: syntax error, unexpected identifier "tambah_tugas", expecting variable
[Method: GET, Route: /]
in APPPATH\Controllers\Home.php on line 26.
 1 SYSTEMPATH\Autoloader\Autoloader.php(296): CodeIgniter\Autoloader\Autoloader->includeFile('C:\\xampp_\\htdocs\\todo-list\\app\\Controllers\\Home.php')
 2 SYSTEMPATH\Autoloader\Autoloader.php(272): CodeIgniter\Autoloader\Autoloader->loadInNamespace('App\\Controllers\\Home')
 3 [internal function]: CodeIgniter\Autoloader\Autoloader->loadClass('App\\Controllers\\Home')
 4 SYSTEMPATH\CodeIgniter.php(887): class_exists('\\App\\Controllers\\Home', true)
 5 SYSTEMPATH\CodeIgniter.php(496): CodeIgniter\CodeIgniter->startController()
 6 SYSTEMPATH\CodeIgniter.php(355): CodeIgniter\CodeIgniter->handleRequest(null, Object(Config\Cache), false)
 7 SYSTEMPATH\Boot.php(325): CodeIgniter\CodeIgniter->run()
 8 SYSTEMPATH\Boot.php(67): CodeIgniter\Boot::runCodeIgniter(Object(CodeIgniter\CodeIgniter))
 9 FCPATH\index.php(56): CodeIgniter\Boot::bootWeb(Object(Config\Paths))
10 SYSTEMPATH\rewrite.php(44): require_once('C:\\xampp_\\htdocs\\todo-list\\public\\index.php')
CRITICAL - 2025-02-25 09:02:11 --> ParseError: syntax error, unexpected identifier "tambah_tugas", expecting variable
[Method: GET, Route: /]
in APPPATH\Controllers\Home.php on line 26.
 1 SYSTEMPATH\Autoloader\Autoloader.php(296): CodeIgniter\Autoloader\Autoloader->includeFile('C:\\xampp_\\htdocs\\todo-list\\app\\Controllers\\Home.php')
 2 SYSTEMPATH\Autoloader\Autoloader.php(272): CodeIgniter\Autoloader\Autoloader->loadInNamespace('App\\Controllers\\Home')
 3 [internal function]: CodeIgniter\Autoloader\Autoloader->loadClass('App\\Controllers\\Home')
 4 SYSTEMPATH\CodeIgniter.php(887): class_exists('\\App\\Controllers\\Home', true)
 5 SYSTEMPATH\CodeIgniter.php(496): CodeIgniter\CodeIgniter->startController()
 6 SYSTEMPATH\CodeIgniter.php(355): CodeIgniter\CodeIgniter->handleRequest(null, Object(Config\Cache), false)
 7 SYSTEMPATH\Boot.php(325): CodeIgniter\CodeIgniter->run()
 8 SYSTEMPATH\Boot.php(67): CodeIgniter\Boot::runCodeIgniter(Object(CodeIgniter\CodeIgniter))
 9 FCPATH\index.php(56): CodeIgniter\Boot::bootWeb(Object(Config\Paths))
10 SYSTEMPATH\rewrite.php(44): require_once('C:\\xampp_\\htdocs\\todo-list\\public\\index.php')
CRITICAL - 2025-02-25 10:19:06 --> ErrorException: Undefined variable $routers
[Method: GET, Route: /]
in APPPATH\Config\Routes.php on line 15.
 1 APPPATH\Config\Routes.php(15): CodeIgniter\Debug\Exceptions->errorHandler(2, 'Undefined variable $routers', 'C:\\xampp_\\htdocs\\todo-list\\app\\Config\\Routes.php', 15)
 2 SYSTEMPATH\Router\RouteCollection.php(340): require('C:\\xampp_\\htdocs\\todo-list\\app\\Config\\Routes.php')
 3 SYSTEMPATH\CodeIgniter.php(823): CodeIgniter\Router\RouteCollection->loadRoutes()
 4 SYSTEMPATH\CodeIgniter.php(457): CodeIgniter\CodeIgniter->tryToRouteIt(null)
 5 SYSTEMPATH\CodeIgniter.php(355): CodeIgniter\CodeIgniter->handleRequest(null, Object(Config\Cache), false)
 6 SYSTEMPATH\Boot.php(325): CodeIgniter\CodeIgniter->run()
 7 SYSTEMPATH\Boot.php(67): CodeIgniter\Boot::runCodeIgniter(Object(CodeIgniter\CodeIgniter))
 8 FCPATH\index.php(56): CodeIgniter\Boot::bootWeb(Object(Config\Paths))
 9 SYSTEMPATH\rewrite.php(44): require_once('C:\\xampp_\\htdocs\\todo-list\\public\\index.php')
CRITICAL - 2025-02-25 10:19:28 --> ErrorException: Undefined variable $routers
[Method: GET, Route: /]
in APPPATH\Config\Routes.php on line 15.
 1 APPPATH\Config\Routes.php(15): CodeIgniter\Debug\Exceptions->errorHandler(2, 'Undefined variable $routers', 'C:\\xampp_\\htdocs\\todo-list\\app\\Config\\Routes.php', 15)
 2 SYSTEMPATH\Router\RouteCollection.php(340): require('C:\\xampp_\\htdocs\\todo-list\\app\\Config\\Routes.php')
 3 SYSTEMPATH\CodeIgniter.php(823): CodeIgniter\Router\RouteCollection->loadRoutes()
 4 SYSTEMPATH\CodeIgniter.php(457): CodeIgniter\CodeIgniter->tryToRouteIt(null)
 5 SYSTEMPATH\CodeIgniter.php(355): CodeIgniter\CodeIgniter->handleRequest(null, Object(Config\Cache), false)
 6 SYSTEMPATH\Boot.php(325): CodeIgniter\CodeIgniter->run()
 7 SYSTEMPATH\Boot.php(67): CodeIgniter\Boot::runCodeIgniter(Object(CodeIgniter\CodeIgniter))
 8 FCPATH\index.php(56): CodeIgniter\Boot::bootWeb(Object(Config\Paths))
 9 SYSTEMPATH\rewrite.php(44): require_once('C:\\xampp_\\htdocs\\todo-list\\public\\index.php')
CRITICAL - 2025-02-25 10:20:15 --> ErrorException: Undefined variable $routers
[Method: GET, Route: /]
in APPPATH\Config\Routes.php on line 15.
 1 APPPATH\Config\Routes.php(15): CodeIgniter\Debug\Exceptions->errorHandler(2, 'Undefined variable $routers', 'C:\\xampp_\\htdocs\\todo-list\\app\\Config\\Routes.php', 15)
 2 SYSTEMPATH\Router\RouteCollection.php(340): require('C:\\xampp_\\htdocs\\todo-list\\app\\Config\\Routes.php')
 3 SYSTEMPATH\CodeIgniter.php(823): CodeIgniter\Router\RouteCollection->loadRoutes()
 4 SYSTEMPATH\CodeIgniter.php(457): CodeIgniter\CodeIgniter->tryToRouteIt(null)
 5 SYSTEMPATH\CodeIgniter.php(355): CodeIgniter\CodeIgniter->handleRequest(null, Object(Config\Cache), false)
 6 SYSTEMPATH\Boot.php(325): CodeIgniter\CodeIgniter->run()
 7 SYSTEMPATH\Boot.php(67): CodeIgniter\Boot::runCodeIgniter(Object(CodeIgniter\CodeIgniter))
 8 FCPATH\index.php(56): CodeIgniter\Boot::bootWeb(Object(Config\Paths))
 9 SYSTEMPATH\rewrite.php(44): require_once('C:\\xampp_\\htdocs\\todo-list\\public\\index.php')
CRITICAL - 2025-02-25 10:29:52 --> ErrorException: Undefined variable $routers
[Method: GET, Route: /]
in APPPATH\Config\Routes.php on line 15.
 1 APPPATH\Config\Routes.php(15): CodeIgniter\Debug\Exceptions->errorHandler(2, 'Undefined variable $routers', 'C:\\xampp_\\htdocs\\todo-list\\app\\Config\\Routes.php', 15)
 2 SYSTEMPATH\Router\RouteCollection.php(340): require('C:\\xampp_\\htdocs\\todo-list\\app\\Config\\Routes.php')
 3 SYSTEMPATH\CodeIgniter.php(823): CodeIgniter\Router\RouteCollection->loadRoutes()
 4 SYSTEMPATH\CodeIgniter.php(457): CodeIgniter\CodeIgniter->tryToRouteIt(null)
 5 SYSTEMPATH\CodeIgniter.php(355): CodeIgniter\CodeIgniter->handleRequest(null, Object(Config\Cache), false)
 6 SYSTEMPATH\Boot.php(325): CodeIgniter\CodeIgniter->run()
 7 SYSTEMPATH\Boot.php(67): CodeIgniter\Boot::runCodeIgniter(Object(CodeIgniter\CodeIgniter))
 8 FCPATH\index.php(56): CodeIgniter\Boot::bootWeb(Object(Config\Paths))
 9 SYSTEMPATH\rewrite.php(44): require_once('C:\\xampp_\\htdocs\\todo-list\\public\\index.php')
CRITICAL - 2025-02-25 10:29:53 --> ErrorException: Undefined variable $routers
[Method: GET, Route: /]
in APPPATH\Config\Routes.php on line 15.
 1 APPPATH\Config\Routes.php(15): CodeIgniter\Debug\Exceptions->errorHandler(2, 'Undefined variable $routers', 'C:\\xampp_\\htdocs\\todo-list\\app\\Config\\Routes.php', 15)
 2 SYSTEMPATH\Router\RouteCollection.php(340): require('C:\\xampp_\\htdocs\\todo-list\\app\\Config\\Routes.php')
 3 SYSTEMPATH\CodeIgniter.php(823): CodeIgniter\Router\RouteCollection->loadRoutes()
 4 SYSTEMPATH\CodeIgniter.php(457): CodeIgniter\CodeIgniter->tryToRouteIt(null)
 5 SYSTEMPATH\CodeIgniter.php(355): CodeIgniter\CodeIgniter->handleRequest(null, Object(Config\Cache), false)
 6 SYSTEMPATH\Boot.php(325): CodeIgniter\CodeIgniter->run()
 7 SYSTEMPATH\Boot.php(67): CodeIgniter\Boot::runCodeIgniter(Object(CodeIgniter\CodeIgniter))
 8 FCPATH\index.php(56): CodeIgniter\Boot::bootWeb(Object(Config\Paths))
 9 SYSTEMPATH\rewrite.php(44): require_once('C:\\xampp_\\htdocs\\todo-list\\public\\index.php')
CRITICAL - 2025-02-25 10:29:54 --> ErrorException: Undefined variable $routers
[Method: GET, Route: /]
in APPPATH\Config\Routes.php on line 15.
 1 APPPATH\Config\Routes.php(15): CodeIgniter\Debug\Exceptions->errorHandler(2, 'Undefined variable $routers', 'C:\\xampp_\\htdocs\\todo-list\\app\\Config\\Routes.php', 15)
 2 SYSTEMPATH\Router\RouteCollection.php(340): require('C:\\xampp_\\htdocs\\todo-list\\app\\Config\\Routes.php')
 3 SYSTEMPATH\CodeIgniter.php(823): CodeIgniter\Router\RouteCollection->loadRoutes()
 4 SYSTEMPATH\CodeIgniter.php(457): CodeIgniter\CodeIgniter->tryToRouteIt(null)
 5 SYSTEMPATH\CodeIgniter.php(355): CodeIgniter\CodeIgniter->handleRequest(null, Object(Config\Cache), false)
 6 SYSTEMPATH\Boot.php(325): CodeIgniter\CodeIgniter->run()
 7 SYSTEMPATH\Boot.php(67): CodeIgniter\Boot::runCodeIgniter(Object(CodeIgniter\CodeIgniter))
 8 FCPATH\index.php(56): CodeIgniter\Boot::bootWeb(Object(Config\Paths))
 9 SYSTEMPATH\rewrite.php(44): require_once('C:\\xampp_\\htdocs\\todo-list\\public\\index.php')
CRITICAL - 2025-02-25 10:29:54 --> ErrorException: Undefined variable $routers
[Method: GET, Route: /]
in APPPATH\Config\Routes.php on line 15.
 1 APPPATH\Config\Routes.php(15): CodeIgniter\Debug\Exceptions->errorHandler(2, 'Undefined variable $routers', 'C:\\xampp_\\htdocs\\todo-list\\app\\Config\\Routes.php', 15)
 2 SYSTEMPATH\Router\RouteCollection.php(340): require('C:\\xampp_\\htdocs\\todo-list\\app\\Config\\Routes.php')
 3 SYSTEMPATH\CodeIgniter.php(823): CodeIgniter\Router\RouteCollection->loadRoutes()
 4 SYSTEMPATH\CodeIgniter.php(457): CodeIgniter\CodeIgniter->tryToRouteIt(null)
 5 SYSTEMPATH\CodeIgniter.php(355): CodeIgniter\CodeIgniter->handleRequest(null, Object(Config\Cache), false)
 6 SYSTEMPATH\Boot.php(325): CodeIgniter\CodeIgniter->run()
 7 SYSTEMPATH\Boot.php(67): CodeIgniter\Boot::runCodeIgniter(Object(CodeIgniter\CodeIgniter))
 8 FCPATH\index.php(56): CodeIgniter\Boot::bootWeb(Object(Config\Paths))
 9 SYSTEMPATH\rewrite.php(44): require_once('C:\\xampp_\\htdocs\\todo-list\\public\\index.php')
CRITICAL - 2025-02-25 10:30:06 --> ErrorException: Undefined variable $routers
[Method: GET, Route: /]
in APPPATH\Config\Routes.php on line 15.
 1 APPPATH\Config\Routes.php(15): CodeIgniter\Debug\Exceptions->errorHandler(2, 'Undefined variable $routers', 'C:\\xampp_\\htdocs\\todo-list\\app\\Config\\Routes.php', 15)
 2 SYSTEMPATH\Router\RouteCollection.php(340): require('C:\\xampp_\\htdocs\\todo-list\\app\\Config\\Routes.php')
 3 SYSTEMPATH\CodeIgniter.php(823): CodeIgniter\Router\RouteCollection->loadRoutes()
 4 SYSTEMPATH\CodeIgniter.php(457): CodeIgniter\CodeIgniter->tryToRouteIt(null)
 5 SYSTEMPATH\CodeIgniter.php(355): CodeIgniter\CodeIgniter->handleRequest(null, Object(Config\Cache), false)
 6 SYSTEMPATH\Boot.php(325): CodeIgniter\CodeIgniter->run()
 7 SYSTEMPATH\Boot.php(67): CodeIgniter\Boot::runCodeIgniter(Object(CodeIgniter\CodeIgniter))
 8 FCPATH\index.php(56): CodeIgniter\Boot::bootWeb(Object(Config\Paths))
 9 SYSTEMPATH\rewrite.php(44): require_once('C:\\xampp_\\htdocs\\todo-list\\public\\index.php')
CRITICAL - 2025-02-25 10:38:09 --> ErrorException: Undefined variable $routers
[Method: GET, Route: /]
in APPPATH\Config\Routes.php on line 15.
 1 APPPATH\Config\Routes.php(15): CodeIgniter\Debug\Exceptions->errorHandler(2, 'Undefined variable $routers', 'C:\\xampp_\\htdocs\\todo-list\\app\\Config\\Routes.php', 15)
 2 SYSTEMPATH\Router\RouteCollection.php(340): require('C:\\xampp_\\htdocs\\todo-list\\app\\Config\\Routes.php')
 3 SYSTEMPATH\CodeIgniter.php(823): CodeIgniter\Router\RouteCollection->loadRoutes()
 4 SYSTEMPATH\CodeIgniter.php(457): CodeIgniter\CodeIgniter->tryToRouteIt(null)
 5 SYSTEMPATH\CodeIgniter.php(355): CodeIgniter\CodeIgniter->handleRequest(null, Object(Config\Cache), false)
 6 SYSTEMPATH\Boot.php(325): CodeIgniter\CodeIgniter->run()
 7 SYSTEMPATH\Boot.php(67): CodeIgniter\Boot::runCodeIgniter(Object(CodeIgniter\CodeIgniter))
 8 FCPATH\index.php(56): CodeIgniter\Boot::bootWeb(Object(Config\Paths))
 9 SYSTEMPATH\rewrite.php(44): require_once('C:\\xampp_\\htdocs\\todo-list\\public\\index.php')
CRITICAL - 2025-02-25 10:39:05 --> ErrorException: Undefined variable $routers
[Method: CLI, Route: serve]
in APPPATH\Config\Routes.php on line 15.
 1 APPPATH\Config\Routes.php(15): CodeIgniter\Debug\Exceptions->errorHandler(2, 'Undefined variable $routers', 'C:\\xampp_\\htdocs\\todo-list\\app\\Config\\Routes.php', 15)
 2 SYSTEMPATH\Router\RouteCollection.php(340): require('C:\\xampp_\\htdocs\\todo-list\\app\\Config\\Routes.php')
 3 SYSTEMPATH\CLI\Console.php(41): CodeIgniter\Router\RouteCollection->loadRoutes()
 4 SYSTEMPATH\Boot.php(351): CodeIgniter\CLI\Console->run()
 5 SYSTEMPATH\Boot.php(104): CodeIgniter\Boot::runCommand(Object(CodeIgniter\CLI\Console))
 6 ROOTPATH\spark(84): CodeIgniter\Boot::bootSpark(Object(Config\Paths))
CRITICAL - 2025-02-25 10:43:39 --> ErrorException: Undefined variable $tugas
[Method: GET, Route: /]
in APPPATH\Views\index.php on line 40.
 1 APPPATH\Views\index.php(40): CodeIgniter\Debug\Exceptions->errorHandler(2, 'Undefined variable $tugas', 'C:\\xampp_\\htdocs\\todo-list\\app\\Views\\index.php', 40)
 2 SYSTEMPATH\View\View.php(234): include('C:\\xampp_\\htdocs\\todo-list\\app\\Views\\index.php')
 3 SYSTEMPATH\View\View.php(237): CodeIgniter\View\View->CodeIgniter\View\{closure}()
 4 SYSTEMPATH\Common.php(1171): CodeIgniter\View\View->render('index', [], true)
 5 APPPATH\Controllers\Home.php(14): view('index')
 6 SYSTEMPATH\CodeIgniter.php(933): App\Controllers\Home->index()
 7 SYSTEMPATH\CodeIgniter.php(509): CodeIgniter\CodeIgniter->runController(Object(App\Controllers\Home))
 8 SYSTEMPATH\CodeIgniter.php(355): CodeIgniter\CodeIgniter->handleRequest(null, Object(Config\Cache), false)
 9 SYSTEMPATH\Boot.php(325): CodeIgniter\CodeIgniter->run()
10 SYSTEMPATH\Boot.php(67): CodeIgniter\Boot::runCodeIgniter(Object(CodeIgniter\CodeIgniter))
11 FCPATH\index.php(56): CodeIgniter\Boot::bootWeb(Object(Config\Paths))
12 SYSTEMPATH\rewrite.php(44): require_once('C:\\xampp_\\htdocs\\todo-list\\public\\index.php')
CRITICAL - 2025-02-25 10:43:39 --> ErrorException: Undefined variable $tugas
[Method: GET, Route: /]
in APPPATH\Views\index.php on line 40.
 1 APPPATH\Views\index.php(40): CodeIgniter\Debug\Exceptions->errorHandler(2, 'Undefined variable $tugas', 'C:\\xampp_\\htdocs\\todo-list\\app\\Views\\index.php', 40)
 2 SYSTEMPATH\View\View.php(234): include('C:\\xampp_\\htdocs\\todo-list\\app\\Views\\index.php')
 3 SYSTEMPATH\View\View.php(237): CodeIgniter\View\View->CodeIgniter\View\{closure}()
 4 SYSTEMPATH\Common.php(1171): CodeIgniter\View\View->render('index', [], true)
 5 APPPATH\Controllers\Home.php(14): view('index')
 6 SYSTEMPATH\CodeIgniter.php(933): App\Controllers\Home->index()
 7 SYSTEMPATH\CodeIgniter.php(509): CodeIgniter\CodeIgniter->runController(Object(App\Controllers\Home))
 8 SYSTEMPATH\CodeIgniter.php(355): CodeIgniter\CodeIgniter->handleRequest(null, Object(Config\Cache), false)
 9 SYSTEMPATH\Boot.php(325): CodeIgniter\CodeIgniter->run()
10 SYSTEMPATH\Boot.php(67): CodeIgniter\Boot::runCodeIgniter(Object(CodeIgniter\CodeIgniter))
11 FCPATH\index.php(56): CodeIgniter\Boot::bootWeb(Object(Config\Paths))
12 SYSTEMPATH\rewrite.php(44): require_once('C:\\xampp_\\htdocs\\todo-list\\public\\index.php')
CRITICAL - 2025-02-25 10:43:40 --> ErrorException: Undefined variable $tugas
[Method: GET, Route: /]
in APPPATH\Views\index.php on line 40.
 1 APPPATH\Views\index.php(40): CodeIgniter\Debug\Exceptions->errorHandler(2, 'Undefined variable $tugas', 'C:\\xampp_\\htdocs\\todo-list\\app\\Views\\index.php', 40)
 2 SYSTEMPATH\View\View.php(234): include('C:\\xampp_\\htdocs\\todo-list\\app\\Views\\index.php')
 3 SYSTEMPATH\View\View.php(237): CodeIgniter\View\View->CodeIgniter\View\{closure}()
 4 SYSTEMPATH\Common.php(1171): CodeIgniter\View\View->render('index', [], true)
 5 APPPATH\Controllers\Home.php(14): view('index')
 6 SYSTEMPATH\CodeIgniter.php(933): App\Controllers\Home->index()
 7 SYSTEMPATH\CodeIgniter.php(509): CodeIgniter\CodeIgniter->runController(Object(App\Controllers\Home))
 8 SYSTEMPATH\CodeIgniter.php(355): CodeIgniter\CodeIgniter->handleRequest(null, Object(Config\Cache), false)
 9 SYSTEMPATH\Boot.php(325): CodeIgniter\CodeIgniter->run()
10 SYSTEMPATH\Boot.php(67): CodeIgniter\Boot::runCodeIgniter(Object(CodeIgniter\CodeIgniter))
11 FCPATH\index.php(56): CodeIgniter\Boot::bootWeb(Object(Config\Paths))
12 SYSTEMPATH\rewrite.php(44): require_once('C:\\xampp_\\htdocs\\todo-list\\public\\index.php')
CRITICAL - 2025-02-25 10:43:40 --> ErrorException: Undefined variable $tugas
[Method: GET, Route: /]
in APPPATH\Views\index.php on line 40.
 1 APPPATH\Views\index.php(40): CodeIgniter\Debug\Exceptions->errorHandler(2, 'Undefined variable $tugas', 'C:\\xampp_\\htdocs\\todo-list\\app\\Views\\index.php', 40)
 2 SYSTEMPATH\View\View.php(234): include('C:\\xampp_\\htdocs\\todo-list\\app\\Views\\index.php')
 3 SYSTEMPATH\View\View.php(237): CodeIgniter\View\View->CodeIgniter\View\{closure}()
 4 SYSTEMPATH\Common.php(1171): CodeIgniter\View\View->render('index', [], true)
 5 APPPATH\Controllers\Home.php(14): view('index')
 6 SYSTEMPATH\CodeIgniter.php(933): App\Controllers\Home->index()
 7 SYSTEMPATH\CodeIgniter.php(509): CodeIgniter\CodeIgniter->runController(Object(App\Controllers\Home))
 8 SYSTEMPATH\CodeIgniter.php(355): CodeIgniter\CodeIgniter->handleRequest(null, Object(Config\Cache), false)
 9 SYSTEMPATH\Boot.php(325): CodeIgniter\CodeIgniter->run()
10 SYSTEMPATH\Boot.php(67): CodeIgniter\Boot::runCodeIgniter(Object(CodeIgniter\CodeIgniter))
11 FCPATH\index.php(56): CodeIgniter\Boot::bootWeb(Object(Config\Paths))
12 SYSTEMPATH\rewrite.php(44): require_once('C:\\xampp_\\htdocs\\todo-list\\public\\index.php')
CRITICAL - 2025-02-25 10:43:40 --> ErrorException: Undefined variable $tugas
[Method: GET, Route: /]
in APPPATH\Views\index.php on line 40.
 1 APPPATH\Views\index.php(40): CodeIgniter\Debug\Exceptions->errorHandler(2, 'Undefined variable $tugas', 'C:\\xampp_\\htdocs\\todo-list\\app\\Views\\index.php', 40)
 2 SYSTEMPATH\View\View.php(234): include('C:\\xampp_\\htdocs\\todo-list\\app\\Views\\index.php')
 3 SYSTEMPATH\View\View.php(237): CodeIgniter\View\View->CodeIgniter\View\{closure}()
 4 SYSTEMPATH\Common.php(1171): CodeIgniter\View\View->render('index', [], true)
 5 APPPATH\Controllers\Home.php(14): view('index')
 6 SYSTEMPATH\CodeIgniter.php(933): App\Controllers\Home->index()
 7 SYSTEMPATH\CodeIgniter.php(509): CodeIgniter\CodeIgniter->runController(Object(App\Controllers\Home))
 8 SYSTEMPATH\CodeIgniter.php(355): CodeIgniter\CodeIgniter->handleRequest(null, Object(Config\Cache), false)
 9 SYSTEMPATH\Boot.php(325): CodeIgniter\CodeIgniter->run()
10 SYSTEMPATH\Boot.php(67): CodeIgniter\Boot::runCodeIgniter(Object(CodeIgniter\CodeIgniter))
11 FCPATH\index.php(56): CodeIgniter\Boot::bootWeb(Object(Config\Paths))
12 SYSTEMPATH\rewrite.php(44): require_once('C:\\xampp_\\htdocs\\todo-list\\public\\index.php')
CRITICAL - 2025-02-25 10:43:41 --> ErrorException: Undefined variable $tugas
[Method: GET, Route: /]
in APPPATH\Views\index.php on line 40.
 1 APPPATH\Views\index.php(40): CodeIgniter\Debug\Exceptions->errorHandler(2, 'Undefined variable $tugas', 'C:\\xampp_\\htdocs\\todo-list\\app\\Views\\index.php', 40)
 2 SYSTEMPATH\View\View.php(234): include('C:\\xampp_\\htdocs\\todo-list\\app\\Views\\index.php')
 3 SYSTEMPATH\View\View.php(237): CodeIgniter\View\View->CodeIgniter\View\{closure}()
 4 SYSTEMPATH\Common.php(1171): CodeIgniter\View\View->render('index', [], true)
 5 APPPATH\Controllers\Home.php(14): view('index')
 6 SYSTEMPATH\CodeIgniter.php(933): App\Controllers\Home->index()
 7 SYSTEMPATH\CodeIgniter.php(509): CodeIgniter\CodeIgniter->runController(Object(App\Controllers\Home))
 8 SYSTEMPATH\CodeIgniter.php(355): CodeIgniter\CodeIgniter->handleRequest(null, Object(Config\Cache), false)
 9 SYSTEMPATH\Boot.php(325): CodeIgniter\CodeIgniter->run()
10 SYSTEMPATH\Boot.php(67): CodeIgniter\Boot::runCodeIgniter(Object(CodeIgniter\CodeIgniter))
11 FCPATH\index.php(56): CodeIgniter\Boot::bootWeb(Object(Config\Paths))
12 SYSTEMPATH\rewrite.php(44): require_once('C:\\xampp_\\htdocs\\todo-list\\public\\index.php')
CRITICAL - 2025-02-25 10:43:41 --> ErrorException: Undefined variable $tugas
[Method: GET, Route: /]
in APPPATH\Views\index.php on line 40.
 1 APPPATH\Views\index.php(40): CodeIgniter\Debug\Exceptions->errorHandler(2, 'Undefined variable $tugas', 'C:\\xampp_\\htdocs\\todo-list\\app\\Views\\index.php', 40)
 2 SYSTEMPATH\View\View.php(234): include('C:\\xampp_\\htdocs\\todo-list\\app\\Views\\index.php')
 3 SYSTEMPATH\View\View.php(237): CodeIgniter\View\View->CodeIgniter\View\{closure}()
 4 SYSTEMPATH\Common.php(1171): CodeIgniter\View\View->render('index', [], true)
 5 APPPATH\Controllers\Home.php(14): view('index')
 6 SYSTEMPATH\CodeIgniter.php(933): App\Controllers\Home->index()
 7 SYSTEMPATH\CodeIgniter.php(509): CodeIgniter\CodeIgniter->runController(Object(App\Controllers\Home))
 8 SYSTEMPATH\CodeIgniter.php(355): CodeIgniter\CodeIgniter->handleRequest(null, Object(Config\Cache), false)
 9 SYSTEMPATH\Boot.php(325): CodeIgniter\CodeIgniter->run()
10 SYSTEMPATH\Boot.php(67): CodeIgniter\Boot::runCodeIgniter(Object(CodeIgniter\CodeIgniter))
11 FCPATH\index.php(56): CodeIgniter\Boot::bootWeb(Object(Config\Paths))
12 SYSTEMPATH\rewrite.php(44): require_once('C:\\xampp_\\htdocs\\todo-list\\public\\index.php')
CRITICAL - 2025-02-25 10:45:21 --> ErrorException: Undefined variable $tugas
[Method: GET, Route: /]
in APPPATH\Views\index.php on line 40.
 1 APPPATH\Views\index.php(40): CodeIgniter\Debug\Exceptions->errorHandler(2, 'Undefined variable $tugas', 'C:\\xampp_\\htdocs\\todo-list\\app\\Views\\index.php', 40)
 2 SYSTEMPATH\View\View.php(234): include('C:\\xampp_\\htdocs\\todo-list\\app\\Views\\index.php')
 3 SYSTEMPATH\View\View.php(237): CodeIgniter\View\View->CodeIgniter\View\{closure}()
 4 SYSTEMPATH\Common.php(1171): CodeIgniter\View\View->render('index', [], true)
 5 APPPATH\Controllers\Home.php(14): view('index')
 6 SYSTEMPATH\CodeIgniter.php(933): App\Controllers\Home->index()
 7 SYSTEMPATH\CodeIgniter.php(509): CodeIgniter\CodeIgniter->runController(Object(App\Controllers\Home))
 8 SYSTEMPATH\CodeIgniter.php(355): CodeIgniter\CodeIgniter->handleRequest(null, Object(Config\Cache), false)
 9 SYSTEMPATH\Boot.php(325): CodeIgniter\CodeIgniter->run()
10 SYSTEMPATH\Boot.php(67): CodeIgniter\Boot::runCodeIgniter(Object(CodeIgniter\CodeIgniter))
11 FCPATH\index.php(56): CodeIgniter\Boot::bootWeb(Object(Config\Paths))
12 SYSTEMPATH\rewrite.php(44): require_once('C:\\xampp_\\htdocs\\todo-list\\public\\index.php')
INFO - 2025-02-25 10:48:52 --> Session: Class initialized using 'CodeIgniter\Session\Handlers\FileHandler' driver.
CRITICAL - 2025-02-25 10:48:52 --> ErrorException: Undefined variable $tugas
[Method: GET, Route: /]
in APPPATH\Views\index.php on line 40.
 1 APPPATH\Views\index.php(40): CodeIgniter\Debug\Exceptions->errorHandler(2, 'Undefined variable $tugas', 'C:\\xampp_\\htdocs\\todo-list\\app\\Views\\index.php', 40)
 2 SYSTEMPATH\View\View.php(234): include('C:\\xampp_\\htdocs\\todo-list\\app\\Views\\index.php')
 3 SYSTEMPATH\View\View.php(237): CodeIgniter\View\View->CodeIgniter\View\{closure}()
 4 SYSTEMPATH\Common.php(1171): CodeIgniter\View\View->render('index', [], true)
 5 APPPATH\Controllers\Home.php(14): view('index')
 6 SYSTEMPATH\CodeIgniter.php(933): App\Controllers\Home->index()
 7 SYSTEMPATH\CodeIgniter.php(509): CodeIgniter\CodeIgniter->runController(Object(App\Controllers\Home))
 8 SYSTEMPATH\CodeIgniter.php(355): CodeIgniter\CodeIgniter->handleRequest(null, Object(Config\Cache), false)
 9 SYSTEMPATH\Boot.php(325): CodeIgniter\CodeIgniter->run()
10 SYSTEMPATH\Boot.php(67): CodeIgniter\Boot::runCodeIgniter(Object(CodeIgniter\CodeIgniter))
11 FCPATH\index.php(56): CodeIgniter\Boot::bootWeb(Object(Config\Paths))
12 SYSTEMPATH\rewrite.php(44): require_once('C:\\xampp_\\htdocs\\todo-list\\public\\index.php')
INFO - 2025-02-25 11:12:52 --> Session: Class initialized using 'CodeIgniter\Session\Handlers\FileHandler' driver.
CRITICAL - 2025-02-25 11:13:21 --> CodeIgniter\Database\Exceptions\DataException: Allowed fields must be specified for model: "App\Models\TugasModel"
[Method: POST, Route: tambah_tugas]
in SYSTEMPATH\Model.php on line 824.
 1 SYSTEMPATH\Model.php(824): CodeIgniter\Database\Exceptions\DataException::forInvalidAllowedFields('App\\Models\\TugasModel')
 2 SYSTEMPATH\BaseModel.php(821): CodeIgniter\Model->doProtectFieldsForInsert([...])
 3 SYSTEMPATH\Model.php(802): CodeIgniter\BaseModel->insert([...], true)
 4 APPPATH\Controllers\Home.php(37): CodeIgniter\Model->insert([...])
 5 SYSTEMPATH\CodeIgniter.php(933): App\Controllers\Home->tambah_tugas()
 6 SYSTEMPATH\CodeIgniter.php(509): CodeIgniter\CodeIgniter->runController(Object(App\Controllers\Home))
 7 SYSTEMPATH\CodeIgniter.php(355): CodeIgniter\CodeIgniter->handleRequest(null, Object(Config\Cache), false)
 8 SYSTEMPATH\Boot.php(325): CodeIgniter\CodeIgniter->run()
 9 SYSTEMPATH\Boot.php(67): CodeIgniter\Boot::runCodeIgniter(Object(CodeIgniter\CodeIgniter))
10 FCPATH\index.php(56): CodeIgniter\Boot::bootWeb(Object(Config\Paths))
11 SYSTEMPATH\rewrite.php(44): require_once('C:\\xampp_\\htdocs\\todo-list\\public\\index.php')
INFO - 2025-02-25 11:13:40 --> Session: Class initialized using 'CodeIgniter\Session\Handlers\FileHandler' driver.
INFO - 2025-02-25 11:13:47 --> Session: Class initialized using 'CodeIgniter\Session\Handlers\FileHandler' driver.
ERROR - 2025-02-25 11:13:51 --> mysqli_sql_exception: Unknown column 'tb_list.id' in 'where clause' in C:\xampp_\htdocs\todo-list\system\Database\MySQLi\Connection.php:312
Stack trace:
#0 C:\xampp_\htdocs\todo-list\system\Database\MySQLi\Connection.php(312): mysqli->query('SELECT *\nFROM `...', 0)
#1 C:\xampp_\htdocs\todo-list\system\Database\BaseConnection.php(734): CodeIgniter\Database\MySQLi\Connection->execute('SELECT *\nFROM `...')
#2 C:\xampp_\htdocs\todo-list\system\Database\BaseConnection.php(648): CodeIgniter\Database\BaseConnection->simpleQuery('SELECT *\nFROM `...')
#3 C:\xampp_\htdocs\todo-list\system\Database\BaseBuilder.php(1636): CodeIgniter\Database\BaseConnection->query('SELECT *\nFROM `...', Array, false)
#4 C:\xampp_\htdocs\todo-list\system\Model.php(210): CodeIgniter\Database\BaseBuilder->get()
#5 C:\xampp_\htdocs\todo-list\system\BaseModel.php(610): CodeIgniter\Model->doFind(true, '1')
#6 C:\xampp_\htdocs\todo-list\app\Controllers\Home.php(47): CodeIgniter\BaseModel->find('1')
#7 C:\xampp_\htdocs\todo-list\system\CodeIgniter.php(933): App\Controllers\Home->update_status('1')
#8 C:\xampp_\htdocs\todo-list\system\CodeIgniter.php(509): CodeIgniter\CodeIgniter->runController(Object(App\Controllers\Home))
#9 C:\xampp_\htdocs\todo-list\system\CodeIgniter.php(355): CodeIgniter\CodeIgniter->handleRequest(NULL, Object(Config\Cache), false)
#10 C:\xampp_\htdocs\todo-list\system\Boot.php(325): CodeIgniter\CodeIgniter->run()
#11 C:\xampp_\htdocs\todo-list\system\Boot.php(67): CodeIgniter\Boot::runCodeIgniter(Object(CodeIgniter\CodeIgniter))
#12 C:\xampp_\htdocs\todo-list\public\index.php(56): CodeIgniter\Boot::bootWeb(Object(Config\Paths))
#13 C:\xampp_\htdocs\todo-list\system\rewrite.php(44): require_once('C:\\xampp_\\htdoc...')
#14 {main}
CRITICAL - 2025-02-25 11:13:51 --> CodeIgniter\Database\Exceptions\DatabaseException: Unknown column 'tb_list.id' in 'where clause'
[Method: GET, Route: update_status/1]
in SYSTEMPATH\Database\BaseConnection.php on line 688.
 1 SYSTEMPATH\Database\BaseBuilder.php(1636): CodeIgniter\Database\BaseConnection->query('SELECT *
FROM `tb_list`
WHERE `tb_list`.`id` = :tb_list.id:', [...], false)
 2 SYSTEMPATH\Model.php(210): CodeIgniter\Database\BaseBuilder->get()
 3 SYSTEMPATH\BaseModel.php(610): CodeIgniter\Model->doFind(true, '1')
 4 APPPATH\Controllers\Home.php(47): CodeIgniter\BaseModel->find('1')
 5 SYSTEMPATH\CodeIgniter.php(933): App\Controllers\Home->update_status('1')
 6 SYSTEMPATH\CodeIgniter.php(509): CodeIgniter\CodeIgniter->runController(Object(App\Controllers\Home))
 7 SYSTEMPATH\CodeIgniter.php(355): CodeIgniter\CodeIgniter->handleRequest(null, Object(Config\Cache), false)
 8 SYSTEMPATH\Boot.php(325): CodeIgniter\CodeIgniter->run()
 9 SYSTEMPATH\Boot.php(67): CodeIgniter\Boot::runCodeIgniter(Object(CodeIgniter\CodeIgniter))
10 FCPATH\index.php(56): CodeIgniter\Boot::bootWeb(Object(Config\Paths))
11 SYSTEMPATH\rewrite.php(44): require_once('C:\\xampp_\\htdocs\\todo-list\\public\\index.php')
CRITICAL - 2025-02-25 11:13:51 --> [Caused by] CodeIgniter\Database\Exceptions\DatabaseException: Unknown column 'tb_list.id' in 'where clause'
in SYSTEMPATH\Database\MySQLi\Connection.php on line 317.
 1 SYSTEMPATH\Database\BaseConnection.php(734): CodeIgniter\Database\MySQLi\Connection->execute('SELECT *
FROM `tb_list`
WHERE `tb_list`.`id` = \'1\'')
 2 SYSTEMPATH\Database\BaseConnection.php(648): CodeIgniter\Database\BaseConnection->simpleQuery('SELECT *
FROM `tb_list`
WHERE `tb_list`.`id` = \'1\'')
 3 SYSTEMPATH\Database\BaseBuilder.php(1636): CodeIgniter\Database\BaseConnection->query('SELECT *
FROM `tb_list`
WHERE `tb_list`.`id` = :tb_list.id:', [...], false)
 4 SYSTEMPATH\Model.php(210): CodeIgniter\Database\BaseBuilder->get()
 5 SYSTEMPATH\BaseModel.php(610): CodeIgniter\Model->doFind(true, '1')
 6 APPPATH\Controllers\Home.php(47): CodeIgniter\BaseModel->find('1')
 7 SYSTEMPATH\CodeIgniter.php(933): App\Controllers\Home->update_status('1')
 8 SYSTEMPATH\CodeIgniter.php(509): CodeIgniter\CodeIgniter->runController(Object(App\Controllers\Home))
 9 SYSTEMPATH\CodeIgniter.php(355): CodeIgniter\CodeIgniter->handleRequest(null, Object(Config\Cache), false)
10 SYSTEMPATH\Boot.php(325): CodeIgniter\CodeIgniter->run()
11 SYSTEMPATH\Boot.php(67): CodeIgniter\Boot::runCodeIgniter(Object(CodeIgniter\CodeIgniter))
12 FCPATH\index.php(56): CodeIgniter\Boot::bootWeb(Object(Config\Paths))
13 SYSTEMPATH\rewrite.php(44): require_once('C:\\xampp_\\htdocs\\todo-list\\public\\index.php')
CRITICAL - 2025-02-25 11:13:51 --> [Caused by] mysqli_sql_exception: Unknown column 'tb_list.id' in 'where clause'
in SYSTEMPATH\Database\MySQLi\Connection.php on line 312.
 1 SYSTEMPATH\Database\MySQLi\Connection.php(312): mysqli->query('SELECT *
FROM `tb_list`
WHERE `tb_list`.`id` = \'1\'', 0)
 2 SYSTEMPATH\Database\BaseConnection.php(734): CodeIgniter\Database\MySQLi\Connection->execute('SELECT *
FROM `tb_list`
WHERE `tb_list`.`id` = \'1\'')
 3 SYSTEMPATH\Database\BaseConnection.php(648): CodeIgniter\Database\BaseConnection->simpleQuery('SELECT *
FROM `tb_list`
WHERE `tb_list`.`id` = \'1\'')
 4 SYSTEMPATH\Database\BaseBuilder.php(1636): CodeIgniter\Database\BaseConnection->query('SELECT *
FROM `tb_list`
WHERE `tb_list`.`id` = :tb_list.id:', [...], false)
 5 SYSTEMPATH\Model.php(210): CodeIgniter\Database\BaseBuilder->get()
 6 SYSTEMPATH\BaseModel.php(610): CodeIgniter\Model->doFind(true, '1')
 7 APPPATH\Controllers\Home.php(47): CodeIgniter\BaseModel->find('1')
 8 SYSTEMPATH\CodeIgniter.php(933): App\Controllers\Home->update_status('1')
 9 SYSTEMPATH\CodeIgniter.php(509): CodeIgniter\CodeIgniter->runController(Object(App\Controllers\Home))
10 SYSTEMPATH\CodeIgniter.php(355): CodeIgniter\CodeIgniter->handleRequest(null, Object(Config\Cache), false)
11 SYSTEMPATH\Boot.php(325): CodeIgniter\CodeIgniter->run()
12 SYSTEMPATH\Boot.php(67): CodeIgniter\Boot::runCodeIgniter(Object(CodeIgniter\CodeIgniter))
13 FCPATH\index.php(56): CodeIgniter\Boot::bootWeb(Object(Config\Paths))
14 SYSTEMPATH\rewrite.php(44): require_once('C:\\xampp_\\htdocs\\todo-list\\public\\index.php')
INFO - 2025-02-25 11:13:54 --> Session: Class initialized using 'CodeIgniter\Session\Handlers\FileHandler' driver.
INFO - 2025-02-25 11:14:03 --> Session: Class initialized using 'CodeIgniter\Session\Handlers\FileHandler' driver.
INFO - 2025-02-25 11:14:09 --> Session: Class initialized using 'CodeIgniter\Session\Handlers\FileHandler' driver.
INFO - 2025-02-25 11:14:17 --> Session: Class initialized using 'CodeIgniter\Session\Handlers\FileHandler' driver.
